running egg_info
creating build/chatbot/chatbot.egg-info
writing build/chatbot/chatbot.egg-info/PKG-INFO
writing dependency_links to build/chatbot/chatbot.egg-info/dependency_links.txt
writing entry points to build/chatbot/chatbot.egg-info/entry_points.txt
writing requirements to build/chatbot/chatbot.egg-info/requires.txt
writing top-level names to build/chatbot/chatbot.egg-info/top_level.txt
writing manifest file 'build/chatbot/chatbot.egg-info/SOURCES.txt'
reading manifest file 'build/chatbot/chatbot.egg-info/SOURCES.txt'
writing manifest file 'build/chatbot/chatbot.egg-info/SOURCES.txt'
running build
running build_py
creating /home/gabriela/Documents/GitHub/M8-Inteli-Eng-Comp_Gabriela_Matias/src/ponderada3/build/chatbot/build
creating /home/gabriela/Documents/GitHub/M8-Inteli-Eng-Comp_Gabriela_Matias/src/ponderada3/build/chatbot/build/lib
creating /home/gabriela/Documents/GitHub/M8-Inteli-Eng-Comp_Gabriela_Matias/src/ponderada3/build/chatbot/build/lib/chatbot
copying chatbot/__init__.py -> /home/gabriela/Documents/GitHub/M8-Inteli-Eng-Comp_Gabriela_Matias/src/ponderada3/build/chatbot/build/lib/chatbot
copying chatbot/my_node.py -> /home/gabriela/Documents/GitHub/M8-Inteli-Eng-Comp_Gabriela_Matias/src/ponderada3/build/chatbot/build/lib/chatbot
running install
running install_lib
creating /home/gabriela/Documents/GitHub/M8-Inteli-Eng-Comp_Gabriela_Matias/src/ponderada3/install/chatbot/lib/python3.10/site-packages/chatbot
copying /home/gabriela/Documents/GitHub/M8-Inteli-Eng-Comp_Gabriela_Matias/src/ponderada3/build/chatbot/build/lib/chatbot/__init__.py -> /home/gabriela/Documents/GitHub/M8-Inteli-Eng-Comp_Gabriela_Matias/src/ponderada3/install/chatbot/lib/python3.10/site-packages/chatbot
copying /home/gabriela/Documents/GitHub/M8-Inteli-Eng-Comp_Gabriela_Matias/src/ponderada3/build/chatbot/build/lib/chatbot/my_node.py -> /home/gabriela/Documents/GitHub/M8-Inteli-Eng-Comp_Gabriela_Matias/src/ponderada3/install/chatbot/lib/python3.10/site-packages/chatbot
byte-compiling /home/gabriela/Documents/GitHub/M8-Inteli-Eng-Comp_Gabriela_Matias/src/ponderada3/install/chatbot/lib/python3.10/site-packages/chatbot/__init__.py to __init__.cpython-310.pyc
byte-compiling /home/gabriela/Documents/GitHub/M8-Inteli-Eng-Comp_Gabriela_Matias/src/ponderada3/install/chatbot/lib/python3.10/site-packages/chatbot/my_node.py to my_node.cpython-310.pyc
running install_data
creating /home/gabriela/Documents/GitHub/M8-Inteli-Eng-Comp_Gabriela_Matias/src/ponderada3/install/chatbot/share/ament_index
creating /home/gabriela/Documents/GitHub/M8-Inteli-Eng-Comp_Gabriela_Matias/src/ponderada3/install/chatbot/share/ament_index/resource_index
creating /home/gabriela/Documents/GitHub/M8-Inteli-Eng-Comp_Gabriela_Matias/src/ponderada3/install/chatbot/share/ament_index/resource_index/packages
copying resource/chatbot -> /home/gabriela/Documents/GitHub/M8-Inteli-Eng-Comp_Gabriela_Matias/src/ponderada3/install/chatbot/share/ament_index/resource_index/packages
copying package.xml -> /home/gabriela/Documents/GitHub/M8-Inteli-Eng-Comp_Gabriela_Matias/src/ponderada3/install/chatbot/share/chatbot
running install_egg_info
Copying build/chatbot/chatbot.egg-info to /home/gabriela/Documents/GitHub/M8-Inteli-Eng-Comp_Gabriela_Matias/src/ponderada3/install/chatbot/lib/python3.10/site-packages/chatbot-0.0.0-py3.10.egg-info
running install_scripts
Installing my_node script to /home/gabriela/Documents/GitHub/M8-Inteli-Eng-Comp_Gabriela_Matias/src/ponderada3/install/chatbot/lib/chatbot
writing list of installed files to '/home/gabriela/Documents/GitHub/M8-Inteli-Eng-Comp_Gabriela_Matias/src/ponderada3/build/chatbot/install.log'
